<?xml version="1.0" encoding="UTF-8"?>
<testsuite xmlns:xsi="http://www.w3.org/2001/XMLSchema-instance" xsi:noNamespaceSchemaLocation="https://maven.apache.org/surefire/maven-surefire-plugin/xsd/surefire-test-report.xsd" name="com.rodrigopeleias.barbershop.service.CreateBarbershopServiceTest" time="0.12" tests="2" errors="0" skipped="0" failures="0">
  <properties>
[...]
</properties>
  <testcase name="whenExistingBarbershopIsInformedThenAnExceptionShouldBeThrown" classname="com.rodrigopeleias.barbershop.service.CreateBarbershopServiceTest" time="0.05"/>
  <testcase name="whenNewBarbershopIsInformedThenItShouldBeCreated" classname="com.rodrigopeleias.barbershop.service.CreateBarbershopServiceTest" time="0.069"/>
</testsuite>